<?xml version="1.0" encoding="UTF-8"?>
<!-- Generated by org.testng.reporters.JUnitReportReporter -->
<testsuite hostname="DESKTOP-077H31I" failures="0" tests="3" name="testNG.concepts.TestNGDependent" time="0.016" errors="0" timestamp="29 Oct 2020 01:04:36 GMT" skipped="0">
  <testcase classname="testNG.concepts.TestNGDependent" name="test_NavigateToURL" time="0.001"/>
  <testcase classname="testNG.concepts.TestNGDependent" name="test_OpenBrowser" time="0.013"/>
  <testcase classname="testNG.concepts.TestNGDependent" name="test_SignINtoApplication" time="0.002"/>
</testsuite> <!-- testNG.concepts.TestNGDependent -->
