<?xml version="1.0" encoding="UTF-8"?>
<!-- Generated by org.testng.reporters.JUnitReportReporter -->
<testsuite hostname="DESKTOP-077H31I" failures="0" tests="3" name="testNG.concepts.TestNGGroups" time="0.011" errors="0" timestamp="29 Oct 2020 00:27:07 GMT" skipped="0">
  <testcase classname="testNG.concepts.TestNGGroups" name="testSmoke_three" time="0.001"/>
  <testcase classname="testNG.concepts.TestNGGroups" name="testSmoke" time="0.005"/>
  <testcase classname="testNG.concepts.TestNGGroups" name="testSmoke_two" time="0.005"/>
</testsuite> <!-- testNG.concepts.TestNGGroups -->
