<?xml version="1.0" encoding="UTF-8"?>
<!-- Generated by org.testng.reporters.JUnitReportReporter -->
<testsuite hostname="DESKTOP-077H31I" failures="0" tests="4" name="testNG.concepts.TestNGDataDrivenConcepts" time="0.008" errors="0" timestamp="30 Oct 2020 01:31:42 GMT" skipped="1">
  <testcase classname="testNG.concepts.TestNGDataDrivenConcepts" name="dataProviderExample" time="0.006"/>
  <testcase classname="testNG.concepts.TestNGDataDrivenConcepts" name="dataProviderExample" time="0.001"/>
  <testcase classname="testNG.concepts.TestNGDataDrivenConcepts" name="dataProviderExample" time="0.001"/>
  <testcase classname="testNG.concepts.TestNGDataDrivenConcepts" name="parametersExample">
    <skipped/>
  </testcase> <!-- parametersExample -->
</testsuite> <!-- testNG.concepts.TestNGDataDrivenConcepts -->
