<?xml version="1.0" encoding="UTF-8"?>
<!-- Generated by org.testng.reporters.JUnitReportReporter -->
<testsuite hostname="DESKTOP-077H31I" failures="0" tests="1" name="tests.LoginTest" time="11.312" errors="0" timestamp="15 Nov 2020 16:28:19 GMT" skipped="0">
  <testcase classname="tests.LoginTest" name="loginToHotel" time="11.312"/>
</testsuite> <!-- tests.LoginTest -->
