<?xml version="1.0" encoding="UTF-8"?>
<!-- Generated by org.testng.reporters.JUnitReportReporter -->
<testsuite hostname="DESKTOP-077H31I" failures="0" tests="4" name="testNG.concepts.TestNGAnnotations" time="0.007" errors="0" timestamp="28 Oct 2020 23:49:54 GMT" skipped="0">
  <testcase classname="testNG.concepts.TestNGAnnotations" name="test_withoutP" time="0.004"/>
  <testcase classname="testNG.concepts.TestNGAnnotations" name="test_one" time="0.001"/>
  <testcase classname="testNG.concepts.TestNGAnnotations" name="test_two" time="0.001"/>
  <testcase classname="testNG.concepts.TestNGAnnotations" name="test_three" time="0.001"/>
</testsuite> <!-- testNG.concepts.TestNGAnnotations -->
