<?xml version="1.0" encoding="UTF-8"?>
<!-- Generated by org.testng.reporters.JUnitReportReporter -->
<testsuite hostname="DESKTOP-077H31I" failures="0" tests="1" name="tests.LoginTest" time="11.571" errors="0" timestamp="15 Nov 2020 18:42:40 GMT" skipped="0">
  <testcase classname="tests.LoginTest" name="loginToHotel" time="11.571"/>
</testsuite> <!-- tests.LoginTest -->
